[MOCK POLICE ALERT - 2025-09-08 15:59:06] face_detection: ALERT MAY GAGO
[MOCK POLICE ALERT - 2025-09-08 15:59:51] system_test: ALERT MAY GAGO
[MOCK POLICE ALERT - 2025-09-08 16:00:40] face_detection: Security alert triggered
[MOCK POLICE ALERT - 2025-09-08 16:00:43] face_detection: Security alert triggered
[MOCK POLICE ALERT - 2025-09-08 16:20:44] face_detection: Security alert triggered
[MOCK POLICE ALERT - 2025-09-21 19:19:53] face_detection: SECURITY ALERT: Unauthorized person detected on your property
[MOCK POLICE ALERT - 2025-09-21 19:22:18] face_detection: Security alert triggered
[MOCK POLICE ALERT - 2025-09-21 19:22:28] face_detection: SECURITY ALERT: Unauthorized person detected on your property
[MOCK POLICE ALERT - 2025-09-21 19:22:29] face_detection: SECURITY ALERT: Unauthorized person detected on your property
[MOCK POLICE ALERT - 2025-09-21 19:22:30] face_detection: SECURITY ALERT: Unauthorized person detected on your property
[MOCK POLICE ALERT - 2025-09-21 19:22:33] face_detection: SECURITY ALERT: Unauthorized person detected on your property
[MOCK POLICE ALERT - 2025-09-21 19:24:33] face_detection: SECURITY ALERT: Unauthorized person detected on your property
[MOCK POLICE ALERT - 2025-09-21 19:24:34] face_detection: SECURITY ALERT: Unauthorized person detected on your property
[MOCK POLICE ALERT - 2025-09-21 19:24:35] face_detection: SECURITY ALERT: Unauthorized person detected on your property
[MOCK POLICE ALERT - 2025-09-21 19:24:36] face_detection: SECURITY ALERT: Unauthorized person detected on your property
[MOCK POLICE ALERT - 2025-09-21 19:24:39] face_detection: SECURITY ALERT: Unauthorized person detected on your property
[MOCK POLICE ALERT - 2025-09-21 19:24:40] face_detection: SECURITY ALERT: Unauthorized person detected on your property
[MOCK POLICE ALERT - 2025-09-21 19:24:41] face_detection: SECURITY ALERT: Unauthorized person detected on your property
[MOCK POLICE ALERT - 2025-09-21 19:24:44] face_detection: SECURITY ALERT: Unauthorized person detected on your property
[MOCK POLICE ALERT - 2025-09-21 19:24:57] face_detection: SECURITY ALERT: Unauthorized person detected on your property
[MOCK POLICE ALERT - 2025-09-21 19:25:02] face_detection: SECURITY ALERT: Unauthorized person detected on your property
[MOCK POLICE ALERT - 2025-09-21 19:25:37] face_detection: SECURITY ALERT: Unauthorized person detected on your property
[MOCK POLICE ALERT - 2025-09-23 19:39:42] face_detection: SECURITY ALERT: Unauthorized person detected on your property
[MOCK POLICE ALERT - 2025-09-23 19:39:46] face_detection: SECURITY ALERT: Unauthorized person detected on your property
[MOCK POLICE ALERT - 2025-09-23 19:39:47] face_detection: SECURITY ALERT: Unauthorized person detected on your property
[MOCK POLICE ALERT - 2025-09-23 19:47:51] face_detection: SECURITY ALERT: Unauthorized person detected on your property
[MOCK POLICE ALERT - 2025-09-23 19:47:52] face_detection: SECURITY ALERT: Unauthorized person detected on your property
[MOCK POLICE ALERT - 2025-09-23 19:47:53] face_detection: SECURITY ALERT: Unauthorized person detected on your property
[MOCK POLICE ALERT - 2025-09-23 19:47:54] face_detection: SECURITY ALERT: Unauthorized person detected on your property
[MOCK POLICE ALERT - 2025-09-23 19:47:55] face_detection: SECURITY ALERT: Unauthorized person detected on your property
[MOCK POLICE ALERT - 2025-09-23 19:49:17] face_detection: SECURITY ALERT: Unauthorized person detected on your property
[MOCK POLICE ALERT - 2025-09-23 19:49:18] face_detection: SECURITY ALERT: Unauthorized person detected on your property
[MOCK POLICE ALERT - 2025-09-23 19:49:19] face_detection: SECURITY ALERT: Unauthorized person detected on your property
[MOCK POLICE ALERT - 2025-09-23 19:49:33] face_detection: SECURITY ALERT: Unauthorized person detected on your property
[MOCK POLICE ALERT - 2025-09-23 19:49:41] face_detection: SECURITY ALERT: Unauthorized person detected on your property
[MOCK POLICE ALERT - 2025-09-23 19:49:42] face_detection: SECURITY ALERT: Unauthorized person detected on your property
[MOCK POLICE ALERT - 2025-09-23 19:49:43] face_detection: SECURITY ALERT: Unauthorized person detected on your property
[MOCK POLICE ALERT - 2025-09-23 19:49:44] face_detection: SECURITY ALERT: Unauthorized person detected on your property
[MOCK POLICE ALERT - 2025-09-23 19:49:45] face_detection: SECURITY ALERT: Unauthorized person detected on your property
[MOCK POLICE ALERT - 2025-09-23 19:49:46] face_detection: SECURITY ALERT: Unauthorized person detected on your property
[MOCK POLICE ALERT - 2025-09-23 19:49:47] face_detection: SECURITY ALERT: Unauthorized person detected on your property
[MOCK POLICE ALERT - 2025-09-23 19:49:49] face_detection: SECURITY ALERT: Unauthorized person detected on your property
[MOCK POLICE ALERT - 2025-09-23 19:49:50] face_detection: SECURITY ALERT: Unauthorized person detected on your property
[MOCK POLICE ALERT - 2025-09-23 19:49:51] face_detection: SECURITY ALERT: Unauthorized person detected on your property
[MOCK POLICE ALERT - 2025-09-23 19:49:52] face_detection: SECURITY ALERT: Unauthorized person detected on your property
[MOCK POLICE ALERT - 2025-09-23 19:49:53] face_detection: SECURITY ALERT: Unauthorized person detected on your property
[MOCK POLICE ALERT - 2025-09-23 19:55:28] face_detection: SECURITY ALERT: Unauthorized person detected on your property
[MOCK POLICE ALERT - 2025-09-23 19:55:45] face_detection: SECURITY ALERT: Unauthorized person detected on your property
[MOCK POLICE ALERT - 2025-09-23 19:56:13] face_detection: SECURITY ALERT: Unauthorized person detected on your property
[MOCK POLICE ALERT - 2025-09-23 19:57:50] face_detection: SECURITY ALERT: Unauthorized person detected on your property
[MOCK POLICE ALERT - 2025-09-23 19:58:14] face_detection: SECURITY ALERT: Unauthorized person detected on your property
[MOCK POLICE ALERT - 2025-09-23 19:59:03] face_detection: SECURITY ALERT: Unauthorized person detected on your property
[MOCK POLICE ALERT - 2025-09-23 21:37:25] face_detection: SECURITY ALERT: Unauthorized person detected on your property
[MOCK POLICE ALERT - 2025-09-23 21:37:26] face_detection: SECURITY ALERT: Unauthorized person detected on your property
[MOCK POLICE ALERT - 2025-09-23 21:37:27] face_detection: SECURITY ALERT: Unauthorized person detected on your property
[MOCK POLICE ALERT - 2025-09-23 21:37:28] face_detection: SECURITY ALERT: Unauthorized person detected on your property
[MOCK POLICE ALERT - 2025-09-23 21:39:09] face_detection: SECURITY ALERT: Unauthorized person detected on your property
[MOCK POLICE ALERT - 2025-09-23 21:39:10] face_detection: SECURITY ALERT: Unauthorized person detected on your property
[MOCK POLICE ALERT - 2025-09-23 21:39:11] face_detection: SECURITY ALERT: Unauthorized person detected on your property
[MOCK POLICE ALERT - 2025-09-23 21:39:12] face_detection: SECURITY ALERT: Unauthorized person detected on your property
[MOCK POLICE ALERT - 2025-09-23 21:39:13] face_detection: SECURITY ALERT: Unauthorized person detected on your property
[MOCK POLICE ALERT - 2025-09-23 21:39:14] face_detection: SECURITY ALERT: Unauthorized person detected on your property
[MOCK POLICE ALERT - 2025-09-23 21:39:15] face_detection: SECURITY ALERT: Unauthorized person detected on your property
[MOCK POLICE ALERT - 2025-09-23 21:39:16] face_detection: SECURITY ALERT: Unauthorized person detected on your property
[MOCK POLICE ALERT - 2025-09-23 21:39:17] face_detection: SECURITY ALERT: Unauthorized person detected on your property
[MOCK POLICE ALERT - 2025-09-23 21:39:18] face_detection: SECURITY ALERT: Unauthorized person detected on your property
[MOCK POLICE ALERT - 2025-09-23 21:39:19] face_detection: SECURITY ALERT: Unauthorized person detected on your property
[MOCK POLICE ALERT - 2025-09-23 21:39:20] face_detection: SECURITY ALERT: Unauthorized person detected on your property
[MOCK POLICE ALERT - 2025-10-06 22:25:47] face_detection: SECURITY ALERT: Unauthorized person detected on your property
[MOCK POLICE ALERT - 2025-10-06 22:30:06] face_detection: SECURITY ALERT: Unauthorized person detected on your property
[MOCK POLICE ALERT - 2025-10-06 22:30:08] face_detection: SECURITY ALERT: Unauthorized person detected on your property
[MOCK POLICE ALERT - 2025-10-11 14:06:22] face_detection: SECURITY ALERT: Unauthorized person detected on your property
[MOCK POLICE ALERT - 2025-10-11 14:06:22] face_detection: SECURITY ALERT: Unauthorized person detected on your property
[MOCK POLICE ALERT - 2025-10-11 14:06:26] face_detection: SECURITY ALERT: Unauthorized person detected on your property
[MOCK POLICE ALERT - 2025-10-11 14:06:35] face_detection: SECURITY ALERT: Unauthorized person detected on your property
[MOCK POLICE ALERT - 2025-10-11 14:06:35] face_detection: SECURITY ALERT: Unauthorized person detected on your property
[MOCK POLICE ALERT - 2025-10-11 14:06:35] face_detection: SECURITY ALERT: Unauthorized person detected on your property
[MOCK POLICE ALERT - 2025-10-11 14:06:59] face_detection: SECURITY ALERT: Unauthorized person detected on your property
[MOCK POLICE ALERT - 2025-10-11 14:07:47] face_detection: SECURITY ALERT: Unauthorized person detected on your property
[MOCK POLICE ALERT - 2025-10-11 14:16:48] face_detection: SECURITY ALERT: Unauthorized person detected on your property
[MOCK POLICE ALERT - 2025-10-11 14:19:11] face_detection: SECURITY ALERT: Unauthorized person detected on your property
[MOCK POLICE ALERT - 2025-10-11 14:19:17] face_detection: SECURITY ALERT: Unauthorized person detected on your property
[MOCK POLICE ALERT - 2025-10-11 14:19:19] face_detection: SECURITY ALERT: Unauthorized person detected on your property
[MOCK POLICE ALERT - 2025-10-11 14:19:19] face_detection: SECURITY ALERT: Unauthorized person detected on your property
[MOCK POLICE ALERT - 2025-10-11 14:19:21] face_detection: SECURITY ALERT: Unauthorized person detected on your property
[MOCK POLICE ALERT - 2025-10-11 14:19:21] face_detection: SECURITY ALERT: Unauthorized person detected on your property
[MOCK POLICE ALERT - 2025-10-11 14:19:23] face_detection: SECURITY ALERT: Unauthorized person detected on your property
[MOCK POLICE ALERT - 2025-10-11 14:19:23] face_detection: SECURITY ALERT: Unauthorized person detected on your property
[MOCK POLICE ALERT - 2025-10-11 14:19:25] face_detection: SECURITY ALERT: Unauthorized person detected on your property
[MOCK POLICE ALERT - 2025-10-11 14:19:25] face_detection: SECURITY ALERT: Unauthorized person detected on your property
[MOCK POLICE ALERT - 2025-10-11 14:19:27] face_detection: SECURITY ALERT: Unauthorized person detected on your property
[MOCK POLICE ALERT - 2025-10-11 14:19:27] face_detection: SECURITY ALERT: Unauthorized person detected on your property
[MOCK POLICE ALERT - 2025-10-11 14:19:29] face_detection: SECURITY ALERT: Unauthorized person detected on your property
[MOCK POLICE ALERT - 2025-10-11 14:19:29] face_detection: SECURITY ALERT: Unauthorized person detected on your property
[MOCK POLICE ALERT - 2025-10-11 14:19:31] face_detection: SECURITY ALERT: Unauthorized person detected on your property
[MOCK POLICE ALERT - 2025-10-11 14:19:31] face_detection: SECURITY ALERT: Unauthorized person detected on your property
[MOCK POLICE ALERT - 2025-10-11 14:19:34] face_detection: SECURITY ALERT: Unauthorized person detected on your property
[MOCK POLICE ALERT - 2025-10-11 14:19:35] face_detection: SECURITY ALERT: Unauthorized person detected on your property
[MOCK POLICE ALERT - 2025-10-11 14:19:37] face_detection: SECURITY ALERT: Unauthorized person detected on your property
[MOCK POLICE ALERT - 2025-10-11 14:19:39] face_detection: SECURITY ALERT: Unauthorized person detected on your property
[MOCK POLICE ALERT - 2025-10-11 14:19:41] face_detection: SECURITY ALERT: Unauthorized person detected on your property
[MOCK POLICE ALERT - 2025-10-11 14:19:43] face_detection: SECURITY ALERT: Unauthorized person detected on your property
[MOCK POLICE ALERT - 2025-10-11 14:19:47] face_detection: SECURITY ALERT: Unauthorized person detected on your property
[MOCK POLICE ALERT - 2025-10-11 14:19:49] face_detection: SECURITY ALERT: Unauthorized person detected on your property
[MOCK POLICE ALERT - 2025-10-11 14:19:51] face_detection: SECURITY ALERT: Unauthorized person detected on your property
[MOCK POLICE ALERT - 2025-10-11 14:19:53] face_detection: SECURITY ALERT: Unauthorized person detected on your property
[MOCK POLICE ALERT - 2025-10-11 14:19:55] face_detection: SECURITY ALERT: Unauthorized person detected on your property
[MOCK POLICE ALERT - 2025-10-11 14:19:57] face_detection: SECURITY ALERT: Unauthorized person detected on your property
[MOCK POLICE ALERT - 2025-10-11 14:19:59] face_detection: SECURITY ALERT: Unauthorized person detected on your property
[MOCK POLICE ALERT - 2025-10-11 14:20:02] face_detection: SECURITY ALERT: Unauthorized person detected on your property
[MOCK POLICE ALERT - 2025-10-11 14:20:02] face_detection: SECURITY ALERT: Unauthorized person detected on your property
[MOCK POLICE ALERT - 2025-10-11 14:20:02] face_detection: SECURITY ALERT: Unauthorized person detected on your property
[MOCK POLICE ALERT - 2025-10-11 14:20:03] face_detection: SECURITY ALERT: Unauthorized person detected on your property
[MOCK POLICE ALERT - 2025-10-11 14:20:03] face_detection: SECURITY ALERT: Unauthorized person detected on your property
[MOCK POLICE ALERT - 2025-10-11 14:20:05] face_detection: SECURITY ALERT: Unauthorized person detected on your property
[MOCK POLICE ALERT - 2025-10-11 14:20:05] face_detection: SECURITY ALERT: Unauthorized person detected on your property
[MOCK POLICE ALERT - 2025-10-11 14:20:07] face_detection: SECURITY ALERT: Unauthorized person detected on your property
[MOCK POLICE ALERT - 2025-10-11 14:20:07] face_detection: SECURITY ALERT: Unauthorized person detected on your property
[MOCK POLICE ALERT - 2025-10-11 14:20:09] face_detection: SECURITY ALERT: Unauthorized person detected on your property
[MOCK POLICE ALERT - 2025-10-11 14:20:11] face_detection: SECURITY ALERT: Unauthorized person detected on your property
[MOCK POLICE ALERT - 2025-10-11 14:20:11] face_detection: SECURITY ALERT: Unauthorized person detected on your property
[MOCK POLICE ALERT - 2025-10-11 14:20:13] face_detection: SECURITY ALERT: Unauthorized person detected on your property
[MOCK POLICE ALERT - 2025-10-11 14:20:15] face_detection: SECURITY ALERT: Unauthorized person detected on your property
[MOCK POLICE ALERT - 2025-10-11 14:20:17] face_detection: SECURITY ALERT: Unauthorized person detected on your property
[MOCK POLICE ALERT - 2025-10-11 14:20:17] face_detection: SECURITY ALERT: Unauthorized person detected on your property
[MOCK POLICE ALERT - 2025-10-11 14:20:21] face_detection: SECURITY ALERT: Unauthorized person detected on your property
[MOCK POLICE ALERT - 2025-10-11 14:20:21] face_detection: SECURITY ALERT: Unauthorized person detected on your property
[MOCK POLICE ALERT - 2025-10-11 14:20:23] face_detection: SECURITY ALERT: Unauthorized person detected on your property
[MOCK POLICE ALERT - 2025-10-11 14:20:25] face_detection: SECURITY ALERT: Unauthorized person detected on your property
[MOCK POLICE ALERT - 2025-10-11 14:20:28] face_detection: SECURITY ALERT: Unauthorized person detected on your property
[MOCK POLICE ALERT - 2025-10-11 14:20:28] face_detection: SECURITY ALERT: Unauthorized person detected on your property
[MOCK POLICE ALERT - 2025-10-11 14:20:30] face_detection: SECURITY ALERT: Unauthorized person detected on your property
[MOCK POLICE ALERT - 2025-10-11 14:20:30] face_detection: SECURITY ALERT: Unauthorized person detected on your property
[MOCK POLICE ALERT - 2025-10-11 14:20:31] face_detection: SECURITY ALERT: Unauthorized person detected on your property
[MOCK POLICE ALERT - 2025-10-11 14:20:31] face_detection: SECURITY ALERT: Unauthorized person detected on your property
[MOCK POLICE ALERT - 2025-10-11 14:20:34] face_detection: SECURITY ALERT: Unauthorized person detected on your property
[MOCK POLICE ALERT - 2025-10-11 14:20:35] face_detection: SECURITY ALERT: Unauthorized person detected on your property
[MOCK POLICE ALERT - 2025-10-11 14:20:37] face_detection: SECURITY ALERT: Unauthorized person detected on your property
[MOCK POLICE ALERT - 2025-10-11 14:20:39] face_detection: SECURITY ALERT: Unauthorized person detected on your property
[MOCK POLICE ALERT - 2025-10-11 14:20:41] face_detection: SECURITY ALERT: Unauthorized person detected on your property
[MOCK POLICE ALERT - 2025-10-11 14:20:43] face_detection: SECURITY ALERT: Unauthorized person detected on your property
[MOCK POLICE ALERT - 2025-10-11 14:20:43] face_detection: SECURITY ALERT: Unauthorized person detected on your property
[MOCK POLICE ALERT - 2025-10-11 14:20:54] face_detection: SECURITY ALERT: Unauthorized person detected on your property
[MOCK POLICE ALERT - 2025-10-11 14:20:54] face_detection: SECURITY ALERT: Unauthorized person detected on your property
[MOCK POLICE ALERT - 2025-10-11 14:20:56] face_detection: SECURITY ALERT: Unauthorized person detected on your property
[MOCK POLICE ALERT - 2025-10-11 14:20:56] face_detection: SECURITY ALERT: Unauthorized person detected on your property
[MOCK POLICE ALERT - 2025-10-11 14:20:58] face_detection: SECURITY ALERT: Unauthorized person detected on your property
[MOCK POLICE ALERT - 2025-10-11 14:20:58] face_detection: SECURITY ALERT: Unauthorized person detected on your property
[MOCK POLICE ALERT - 2025-10-11 14:21:05] face_detection: SECURITY ALERT: Unauthorized person detected on your property
[MOCK POLICE ALERT - 2025-10-11 14:21:17] face_detection: SECURITY ALERT: Unauthorized person detected on your property
[MOCK POLICE ALERT - 2025-10-11 14:21:21] face_detection: SECURITY ALERT: Unauthorized person detected on your property
[MOCK POLICE ALERT - 2025-10-11 14:21:35] face_detection: SECURITY ALERT: Unauthorized person detected on your property
[MOCK POLICE ALERT - 2025-10-11 14:21:37] face_detection: SECURITY ALERT: Unauthorized person detected on your property
[MOCK POLICE ALERT - 2025-10-11 14:21:39] face_detection: SECURITY ALERT: Unauthorized person detected on your property
[MOCK POLICE ALERT - 2025-10-11 14:21:41] face_detection: SECURITY ALERT: Unauthorized person detected on your property
[MOCK POLICE ALERT - 2025-10-11 14:21:43] face_detection: SECURITY ALERT: Unauthorized person detected on your property
[MOCK POLICE ALERT - 2025-10-11 14:21:45] face_detection: SECURITY ALERT: Unauthorized person detected on your property
[MOCK POLICE ALERT - 2025-10-11 14:21:47] face_detection: SECURITY ALERT: Unauthorized person detected on your property
[MOCK POLICE ALERT - 2025-10-11 14:21:49] face_detection: SECURITY ALERT: Unauthorized person detected on your property
[MOCK POLICE ALERT - 2025-10-11 14:21:51] face_detection: SECURITY ALERT: Unauthorized person detected on your property
[MOCK POLICE ALERT - 2025-10-11 14:21:53] face_detection: SECURITY ALERT: Unauthorized person detected on your property
[MOCK POLICE ALERT - 2025-10-11 14:23:04] face_detection: SECURITY ALERT: Unauthorized person detected on your property
[MOCK POLICE ALERT - 2025-10-11 14:24:14] face_detection: SECURITY ALERT: Unauthorized person detected on your property
[MOCK POLICE ALERT - 2025-10-23 21:28:14] face_detection: SECURITY ALERT: Unauthorized person detected on your property
[MOCK POLICE ALERT - 2025-10-23 21:38:45] face_detection: SECURITY ALERT: Unauthorized person detected on your property
[MOCK POLICE ALERT - 2025-10-24 15:50:39] face_detection: SECURITY ALERT: Unauthorized person detected on your property
[MOCK POLICE ALERT - 2025-10-24 15:50:39] face_detection: SECURITY ALERT: Unauthorized person detected on your property
[MOCK POLICE ALERT - 2025-10-24 15:50:40] face_detection: SECURITY ALERT: Unauthorized person detected on your property
[MOCK POLICE ALERT - 2025-10-24 15:50:40] face_detection: SECURITY ALERT: Unauthorized person detected on your property
[MOCK POLICE ALERT - 2025-10-24 15:50:42] face_detection: SECURITY ALERT: Unauthorized person detected on your property
[MOCK POLICE ALERT - 2025-10-24 15:50:42] face_detection: SECURITY ALERT: Unauthorized person detected on your property
[MOCK POLICE ALERT - 2025-10-24 15:50:42] face_detection: SECURITY ALERT: Unauthorized person detected on your property
[MOCK POLICE ALERT - 2025-10-24 15:50:42] face_detection: SECURITY ALERT: Unauthorized person detected on your property
[MOCK POLICE ALERT - 2025-10-24 15:50:44] face_detection: SECURITY ALERT: Unauthorized person detected on your property
[MOCK POLICE ALERT - 2025-10-24 15:50:44] face_detection: SECURITY ALERT: Unauthorized person detected on your property
[MOCK POLICE ALERT - 2025-10-24 15:50:45] face_detection: SECURITY ALERT: Unauthorized person detected on your property
[MOCK POLICE ALERT - 2025-10-24 15:50:46] face_detection: SECURITY ALERT: Unauthorized person detected on your property
[MOCK POLICE ALERT - 2025-10-24 15:50:46] face_detection: SECURITY ALERT: Unauthorized person detected on your property
[MOCK POLICE ALERT - 2025-10-24 15:53:27] face_detection: SECURITY ALERT: Unauthorized person detected on your property
[MOCK POLICE ALERT - 2025-10-24 15:53:27] face_detection: SECURITY ALERT: Unauthorized person detected on your property
[MOCK POLICE ALERT - 2025-10-24 15:53:30] face_detection: SECURITY ALERT: Unauthorized person detected on your property
[MOCK POLICE ALERT - 2025-10-24 15:53:30] face_detection: SECURITY ALERT: Unauthorized person detected on your property
[MOCK POLICE ALERT - 2025-10-24 15:53:30] face_detection: SECURITY ALERT: Unauthorized person detected on your property
[MOCK POLICE ALERT - 2025-10-24 15:53:30] face_detection: SECURITY ALERT: Unauthorized person detected on your property
[MOCK POLICE ALERT - 2025-10-24 15:53:30] face_detection: SECURITY ALERT: Unauthorized person detected on your property
[MOCK POLICE ALERT - 2025-10-24 15:53:34] face_detection: SECURITY ALERT: Unauthorized person detected on your property
[MOCK POLICE ALERT - 2025-10-24 15:53:34] face_detection: SECURITY ALERT: Unauthorized person detected on your property
[MOCK POLICE ALERT - 2025-10-24 15:53:34] face_detection: SECURITY ALERT: Unauthorized person detected on your property
[MOCK POLICE ALERT - 2025-10-24 15:53:34] face_detection: SECURITY ALERT: Unauthorized person detected on your property
[MOCK POLICE ALERT - 2025-10-24 15:53:34] face_detection: SECURITY ALERT: Unauthorized person detected on your property
[MOCK POLICE ALERT - 2025-10-24 15:53:34] face_detection: SECURITY ALERT: Unauthorized person detected on your property
[MOCK POLICE ALERT - 2025-10-24 15:53:34] face_detection: SECURITY ALERT: Unauthorized person detected on your property
[MOCK POLICE ALERT - 2025-10-24 15:53:39] face_detection: SECURITY ALERT: Unauthorized person detected on your property
[MOCK POLICE ALERT - 2025-10-24 15:53:39] face_detection: SECURITY ALERT: Unauthorized person detected on your property
[MOCK POLICE ALERT - 2025-10-24 15:53:39] face_detection: SECURITY ALERT: Unauthorized person detected on your property
[MOCK POLICE ALERT - 2025-10-24 15:53:39] face_detection: SECURITY ALERT: Unauthorized person detected on your property
[MOCK POLICE ALERT - 2025-10-24 15:53:39] face_detection: SECURITY ALERT: Unauthorized person detected on your property
[MOCK POLICE ALERT - 2025-10-24 15:53:39] face_detection: SECURITY ALERT: Unauthorized person detected on your property
[MOCK POLICE ALERT - 2025-10-24 15:53:39] face_detection: SECURITY ALERT: Unauthorized person detected on your property
[MOCK POLICE ALERT - 2025-10-24 15:53:39] face_detection: SECURITY ALERT: Unauthorized person detected on your property
[MOCK POLICE ALERT - 2025-10-24 15:53:44] face_detection: SECURITY ALERT: Unauthorized person detected on your property
[MOCK POLICE ALERT - 2025-10-24 15:53:44] face_detection: SECURITY ALERT: Unauthorized person detected on your property
[MOCK POLICE ALERT - 2025-10-24 15:53:44] face_detection: SECURITY ALERT: Unauthorized person detected on your property
[MOCK POLICE ALERT - 2025-10-24 15:53:44] face_detection: SECURITY ALERT: Unauthorized person detected on your property
[MOCK POLICE ALERT - 2025-10-24 15:53:44] face_detection: SECURITY ALERT: Unauthorized person detected on your property
[MOCK POLICE ALERT - 2025-10-24 15:53:44] face_detection: SECURITY ALERT: Unauthorized person detected on your property
[MOCK POLICE ALERT - 2025-10-24 15:53:44] face_detection: SECURITY ALERT: Unauthorized person detected on your property
[MOCK POLICE ALERT - 2025-10-24 15:53:44] face_detection: SECURITY ALERT: Unauthorized person detected on your property
[MOCK POLICE ALERT - 2025-10-24 15:53:45] face_detection: SECURITY ALERT: Unauthorized person detected on your property
[MOCK POLICE ALERT - 2025-10-24 15:53:45] face_detection: SECURITY ALERT: Unauthorized person detected on your property
[MOCK POLICE ALERT - 2025-10-30 17:02:32] face_detection: SECURITY ALERT: Unauthorized person detected on your property
[MOCK POLICE ALERT - 2025-10-30 17:03:29] face_detection: SECURITY ALERT: Unauthorized person detected on your property
[MOCK POLICE ALERT - 2025-10-30 17:03:31] face_detection: SECURITY ALERT: Unauthorized person detected on your property
[MOCK POLICE ALERT - 2025-10-30 17:03:40] face_detection: SECURITY ALERT: Unauthorized person detected on your property
[MOCK POLICE ALERT - 2025-10-30 17:03:46] face_detection: SECURITY ALERT: Unauthorized person detected on your property
[MOCK POLICE ALERT - 2025-10-30 17:04:06] face_detection: SECURITY ALERT: Unauthorized person detected on your property
[MOCK POLICE ALERT - 2025-10-30 17:04:07] face_detection: SECURITY ALERT: Unauthorized person detected on your property
[MOCK POLICE ALERT - 2025-10-30 17:04:07] face_detection: SECURITY ALERT: Unauthorized person detected on your property
[MOCK POLICE ALERT - 2025-10-30 17:04:08] face_detection: SECURITY ALERT: Unauthorized person detected on your property
[MOCK POLICE ALERT - 2025-10-30 17:04:09] face_detection: SECURITY ALERT: Unauthorized person detected on your property
[MOCK POLICE ALERT - 2025-10-30 17:04:12] face_detection: SECURITY ALERT: Unauthorized person detected on your property
[MOCK POLICE ALERT - 2025-10-30 17:04:53] face_detection: SECURITY ALERT: Unauthorized person detected on your property
[MOCK POLICE ALERT - 2025-10-30 17:06:08] face_detection: SECURITY ALERT: Unauthorized person detected on your property
[MOCK POLICE ALERT - 2025-10-30 17:07:20] face_detection: SECURITY ALERT: Unauthorized person detected on your property
[MOCK POLICE ALERT - 2025-10-30 17:07:21] face_detection: SECURITY ALERT: Unauthorized person detected on your property
[MOCK POLICE ALERT - 2025-10-30 17:09:24] face_detection: SECURITY ALERT: Unauthorized person detected on your property
[MOCK POLICE ALERT - 2025-10-30 17:09:28] face_detection: SECURITY ALERT: Unauthorized person detected on your property
[MOCK POLICE ALERT - 2025-10-30 17:09:29] face_detection: SECURITY ALERT: Unauthorized person detected on your property
[MOCK POLICE ALERT - 2025-10-30 17:09:30] face_detection: SECURITY ALERT: Unauthorized person detected on your property
[MOCK POLICE ALERT - 2025-10-30 17:09:31] face_detection: SECURITY ALERT: Unauthorized person detected on your property
[MOCK POLICE ALERT - 2025-10-30 17:09:32] face_detection: SECURITY ALERT: Unauthorized person detected on your property
[MOCK POLICE ALERT - 2025-10-30 17:09:33] face_detection: SECURITY ALERT: Unauthorized person detected on your property
[MOCK POLICE ALERT - 2025-10-30 17:09:34] face_detection: SECURITY ALERT: Unauthorized person detected on your property
[MOCK POLICE ALERT - 2025-10-30 17:09:35] face_detection: SECURITY ALERT: Unauthorized person detected on your property
[MOCK POLICE ALERT - 2025-10-30 17:09:36] face_detection: SECURITY ALERT: Unauthorized person detected on your property
[MOCK POLICE ALERT - 2025-10-30 17:09:37] face_detection: SECURITY ALERT: Unauthorized person detected on your property
[MOCK POLICE ALERT - 2025-10-30 17:15:48] face_detection: SECURITY ALERT: Unauthorized person detected on your property
[MOCK POLICE ALERT - 2025-10-30 17:15:50] face_detection: SECURITY ALERT: Unauthorized person detected on your property
[MOCK POLICE ALERT - 2025-10-30 17:15:51] face_detection: SECURITY ALERT: Unauthorized person detected on your property
[MOCK POLICE ALERT - 2025-10-30 17:15:52] face_detection: SECURITY ALERT: Unauthorized person detected on your property
[MOCK POLICE ALERT - 2025-10-30 17:17:10] face_detection: SECURITY ALERT: Unauthorized person detected on your property
[MOCK POLICE ALERT - 2025-10-30 17:17:10] face_detection: SECURITY ALERT: Unauthorized person detected on your property
[MOCK POLICE ALERT - 2025-10-30 17:17:11] face_detection: SECURITY ALERT: Unauthorized person detected on your property
[MOCK POLICE ALERT - 2025-10-30 17:17:13] face_detection: SECURITY ALERT: Unauthorized person detected on your property
[MOCK POLICE ALERT - 2025-11-02 18:26:14] face_detection: SECURITY ALERT: Unauthorized person detected on your property
[MOCK POLICE ALERT - 2025-11-02 18:27:07] face_detection: SECURITY ALERT: Unauthorized person detected on your property
[MOCK POLICE ALERT - 2025-11-02 18:27:08] face_detection: SECURITY ALERT: Unauthorized person detected on your property
[MOCK POLICE ALERT - 2025-11-02 18:27:31] face_detection: SECURITY ALERT: Unauthorized person detected on your property
[MOCK POLICE ALERT - 2025-11-02 18:27:34] face_detection: SECURITY ALERT: Unauthorized person detected on your property
[MOCK POLICE ALERT - 2025-11-02 18:27:35] face_detection: SECURITY ALERT: Unauthorized person detected on your property
[MOCK POLICE ALERT - 2025-11-02 18:27:39] face_detection: SECURITY ALERT: Unauthorized person detected on your property
[MOCK POLICE ALERT - 2025-11-02 18:27:40] face_detection: SECURITY ALERT: Unauthorized person detected on your property
[MOCK POLICE ALERT - 2025-11-02 18:27:41] face_detection: SECURITY ALERT: Unauthorized person detected on your property
[MOCK POLICE ALERT - 2025-11-02 18:31:57] face_detection: SECURITY ALERT: Unauthorized person detected on your property
[MOCK POLICE ALERT - 2025-11-02 18:36:09] face_detection: SECURITY ALERT: Unauthorized person detected on your property
[MOCK POLICE ALERT - 2025-11-02 18:36:10] face_detection: SECURITY ALERT: Unauthorized person detected on your property
[MOCK POLICE ALERT - 2025-11-02 18:36:18] face_detection: SECURITY ALERT: Unauthorized person detected on your property
[MOCK POLICE ALERT - 2025-11-02 18:37:03] face_detection: SECURITY ALERT: Unauthorized person detected on your property
[MOCK POLICE ALERT - 2025-11-02 18:37:04] face_detection: SECURITY ALERT: Unauthorized person detected on your property
[MOCK POLICE ALERT - 2025-11-02 18:37:26] face_detection: SECURITY ALERT: Unauthorized person detected on your property
[MOCK POLICE ALERT - 2025-11-02 18:37:27] face_detection: SECURITY ALERT: Unauthorized person detected on your property
[MOCK POLICE ALERT - 2025-11-02 18:37:28] face_detection: SECURITY ALERT: Unauthorized person detected on your property
[MOCK POLICE ALERT - 2025-11-02 18:37:42] face_detection: SECURITY ALERT: Unauthorized person detected on your property
[MOCK POLICE ALERT - 2025-11-02 18:37:43] face_detection: SECURITY ALERT: Unauthorized person detected on your property
[MOCK POLICE ALERT - 2025-11-02 18:39:24] face_detection: SECURITY ALERT: Unauthorized person detected on your property
[MOCK POLICE ALERT - 2025-11-02 18:39:30] face_detection: SECURITY ALERT: Unauthorized person detected on your property
[MOCK POLICE ALERT - 2025-11-02 18:39:44] face_detection: SECURITY ALERT: Unauthorized person detected on your property
[MOCK POLICE ALERT - 2025-11-02 18:39:45] face_detection: SECURITY ALERT: Unauthorized person detected on your property
[MOCK POLICE ALERT - 2025-11-02 18:40:00] face_detection: SECURITY ALERT: Unauthorized person detected on your property
[MOCK POLICE ALERT - 2025-11-02 18:41:40] face_detection: SECURITY ALERT: Unauthorized person detected on your property
[MOCK POLICE ALERT - 2025-11-02 18:42:03] face_detection: SECURITY ALERT: Unauthorized person detected on your property
[MOCK POLICE ALERT - 2025-11-02 18:42:10] face_detection: SECURITY ALERT: Unauthorized person detected on your property
[MOCK POLICE ALERT - 2025-11-02 18:42:10] face_detection: SECURITY ALERT: Unauthorized person detected on your property
[MOCK POLICE ALERT - 2025-11-02 18:42:14] face_detection: SECURITY ALERT: Unauthorized person detected on your property
[MOCK POLICE ALERT - 2025-11-02 18:42:14] face_detection: SECURITY ALERT: Unauthorized person detected on your property
[MOCK POLICE ALERT - 2025-11-02 18:42:17] face_detection: SECURITY ALERT: Unauthorized person detected on your property
[MOCK POLICE ALERT - 2025-11-02 18:42:17] face_detection: SECURITY ALERT: Unauthorized person detected on your property
[MOCK POLICE ALERT - 2025-11-02 18:42:21] face_detection: SECURITY ALERT: Unauthorized person detected on your property
[MOCK POLICE ALERT - 2025-11-02 18:42:21] face_detection: SECURITY ALERT: Unauthorized person detected on your property
[MOCK POLICE ALERT - 2025-11-02 18:42:21] face_detection: SECURITY ALERT: Unauthorized person detected on your property
[MOCK POLICE ALERT - 2025-11-02 18:42:21] face_detection: SECURITY ALERT: Unauthorized person detected on your property
[MOCK POLICE ALERT - 2025-11-02 18:42:22] face_detection: SECURITY ALERT: Unauthorized person detected on your property
[MOCK POLICE ALERT - 2025-11-02 18:42:25] face_detection: SECURITY ALERT: Unauthorized person detected on your property
[MOCK POLICE ALERT - 2025-11-02 18:42:25] face_detection: SECURITY ALERT: Unauthorized person detected on your property
[MOCK POLICE ALERT - 2025-11-02 18:42:25] face_detection: SECURITY ALERT: Unauthorized person detected on your property
[MOCK POLICE ALERT - 2025-11-02 18:42:25] face_detection: SECURITY ALERT: Unauthorized person detected on your property
[MOCK POLICE ALERT - 2025-11-02 18:42:25] face_detection: SECURITY ALERT: Unauthorized person detected on your property
[MOCK POLICE ALERT - 2025-11-02 18:42:25] face_detection: SECURITY ALERT: Unauthorized person detected on your property
[MOCK POLICE ALERT - 2025-11-02 18:42:25] face_detection: SECURITY ALERT: Unauthorized person detected on your property
[MOCK POLICE ALERT - 2025-11-02 18:42:26] face_detection: SECURITY ALERT: Unauthorized person detected on your property
[MOCK POLICE ALERT - 2025-11-02 18:42:31] face_detection: SECURITY ALERT: Unauthorized person detected on your property
[MOCK POLICE ALERT - 2025-11-02 18:42:31] face_detection: SECURITY ALERT: Unauthorized person detected on your property
[MOCK POLICE ALERT - 2025-11-02 18:42:31] face_detection: SECURITY ALERT: Unauthorized person detected on your property
[MOCK POLICE ALERT - 2025-11-02 18:42:31] face_detection: SECURITY ALERT: Unauthorized person detected on your property
[MOCK POLICE ALERT - 2025-11-02 18:42:31] face_detection: SECURITY ALERT: Unauthorized person detected on your property
[MOCK POLICE ALERT - 2025-11-02 18:42:31] face_detection: SECURITY ALERT: Unauthorized person detected on your property
[MOCK POLICE ALERT - 2025-11-02 18:42:31] face_detection: SECURITY ALERT: Unauthorized person detected on your property
[MOCK POLICE ALERT - 2025-11-02 18:42:31] face_detection: SECURITY ALERT: Unauthorized person detected on your property
[MOCK POLICE ALERT - 2025-11-02 18:42:31] face_detection: SECURITY ALERT: Unauthorized person detected on your property
[MOCK POLICE ALERT - 2025-11-02 18:42:31] face_detection: SECURITY ALERT: Unauthorized person detected on your property
[MOCK POLICE ALERT - 2025-11-02 18:42:31] face_detection: SECURITY ALERT: Unauthorized person detected on your property
[MOCK POLICE ALERT - 2025-11-02 18:42:38] face_detection: SECURITY ALERT: Unauthorized person detected on your property
[MOCK POLICE ALERT - 2025-11-02 18:42:38] face_detection: SECURITY ALERT: Unauthorized person detected on your property
[MOCK POLICE ALERT - 2025-11-02 18:42:38] face_detection: SECURITY ALERT: Unauthorized person detected on your property
[MOCK POLICE ALERT - 2025-11-02 18:42:38] face_detection: SECURITY ALERT: Unauthorized person detected on your property
[MOCK POLICE ALERT - 2025-11-02 18:42:38] face_detection: SECURITY ALERT: Unauthorized person detected on your property
[MOCK POLICE ALERT - 2025-11-02 18:42:38] face_detection: SECURITY ALERT: Unauthorized person detected on your property
[MOCK POLICE ALERT - 2025-11-02 18:42:38] face_detection: SECURITY ALERT: Unauthorized person detected on your property
[MOCK POLICE ALERT - 2025-11-02 18:42:38] face_detection: SECURITY ALERT: Unauthorized person detected on your property
[MOCK POLICE ALERT - 2025-11-02 18:42:38] face_detection: SECURITY ALERT: Unauthorized person detected on your property
[MOCK POLICE ALERT - 2025-11-02 18:42:38] face_detection: SECURITY ALERT: Unauthorized person detected on your property
[MOCK POLICE ALERT - 2025-11-02 18:42:38] face_detection: SECURITY ALERT: Unauthorized person detected on your property
[MOCK POLICE ALERT - 2025-11-02 18:42:38] face_detection: SECURITY ALERT: Unauthorized person detected on your property
[MOCK POLICE ALERT - 2025-11-02 18:42:38] face_detection: SECURITY ALERT: Unauthorized person detected on your property
[MOCK POLICE ALERT - 2025-11-02 18:42:38] face_detection: SECURITY ALERT: Unauthorized person detected on your property
[MOCK POLICE ALERT - 2025-11-02 18:42:38] face_detection: SECURITY ALERT: Unauthorized person detected on your property
[MOCK POLICE ALERT - 2025-11-02 18:42:43] face_detection: SECURITY ALERT: Unauthorized person detected on your property
[MOCK POLICE ALERT - 2025-11-02 18:42:43] face_detection: SECURITY ALERT: Unauthorized person detected on your property
[MOCK POLICE ALERT - 2025-11-02 18:42:43] face_detection: SECURITY ALERT: Unauthorized person detected on your property
[MOCK POLICE ALERT - 2025-11-02 18:42:44] face_detection: SECURITY ALERT: Unauthorized person detected on your property
[MOCK POLICE ALERT - 2025-11-02 18:42:44] face_detection: SECURITY ALERT: Unauthorized person detected on your property
[MOCK POLICE ALERT - 2025-11-02 18:42:44] face_detection: SECURITY ALERT: Unauthorized person detected on your property
[MOCK POLICE ALERT - 2025-11-02 18:42:44] face_detection: SECURITY ALERT: Unauthorized person detected on your property
[MOCK POLICE ALERT - 2025-11-02 18:42:44] face_detection: SECURITY ALERT: Unauthorized person detected on your property
[MOCK POLICE ALERT - 2025-11-02 18:42:44] face_detection: SECURITY ALERT: Unauthorized person detected on your property
[MOCK POLICE ALERT - 2025-11-02 18:42:44] face_detection: SECURITY ALERT: Unauthorized person detected on your property
[MOCK POLICE ALERT - 2025-11-02 18:42:44] face_detection: SECURITY ALERT: Unauthorized person detected on your property
[MOCK POLICE ALERT - 2025-11-02 18:42:48] face_detection: SECURITY ALERT: Unauthorized person detected on your property
[MOCK POLICE ALERT - 2025-11-02 18:42:48] face_detection: SECURITY ALERT: Unauthorized person detected on your property
[MOCK POLICE ALERT - 2025-11-02 18:42:48] face_detection: SECURITY ALERT: Unauthorized person detected on your property
[MOCK POLICE ALERT - 2025-11-02 18:42:48] face_detection: SECURITY ALERT: Unauthorized person detected on your property
[MOCK POLICE ALERT - 2025-11-02 18:42:48] face_detection: SECURITY ALERT: Unauthorized person detected on your property
[MOCK POLICE ALERT - 2025-11-02 18:42:48] face_detection: SECURITY ALERT: Unauthorized person detected on your property
[MOCK POLICE ALERT - 2025-11-02 18:42:48] face_detection: SECURITY ALERT: Unauthorized person detected on your property
[MOCK POLICE ALERT - 2025-11-02 18:42:48] face_detection: SECURITY ALERT: Unauthorized person detected on your property
[MOCK POLICE ALERT - 2025-11-02 18:42:48] face_detection: SECURITY ALERT: Unauthorized person detected on your property
[MOCK POLICE ALERT - 2025-11-02 18:42:49] face_detection: SECURITY ALERT: Unauthorized person detected on your property
[MOCK POLICE ALERT - 2025-11-02 18:42:58] face_detection: SECURITY ALERT: Unauthorized person detected on your property
[MOCK POLICE ALERT - 2025-11-02 18:42:59] face_detection: SECURITY ALERT: Unauthorized person detected on your property
[MOCK POLICE ALERT - 2025-11-02 18:43:21] face_detection: SECURITY ALERT: Unauthorized person detected on your property
[MOCK POLICE ALERT - 2025-11-02 18:43:22] face_detection: SECURITY ALERT: Unauthorized person detected on your property
[MOCK POLICE ALERT - 2025-11-02 18:43:23] face_detection: SECURITY ALERT: Unauthorized person detected on your property
[MOCK POLICE ALERT - 2025-11-02 18:43:25] face_detection: SECURITY ALERT: Unauthorized person detected on your property
[MOCK POLICE ALERT - 2025-11-02 18:43:26] face_detection: SECURITY ALERT: Unauthorized person detected on your property
[MOCK POLICE ALERT - 2025-11-02 18:43:27] face_detection: SECURITY ALERT: Unauthorized person detected on your property
[MOCK POLICE ALERT - 2025-11-02 18:43:34] face_detection: SECURITY ALERT: Unauthorized person detected on your property
[MOCK POLICE ALERT - 2025-11-02 18:43:36] face_detection: SECURITY ALERT: Unauthorized person detected on your property
[MOCK POLICE ALERT - 2025-11-02 18:43:43] face_detection: SECURITY ALERT: Unauthorized person detected on your property
[MOCK POLICE ALERT - 2025-11-02 18:43:44] face_detection: SECURITY ALERT: Unauthorized person detected on your property
[MOCK POLICE ALERT - 2025-11-02 18:43:45] face_detection: SECURITY ALERT: Unauthorized person detected on your property
[MOCK POLICE ALERT - 2025-11-02 18:44:46] face_detection: SECURITY ALERT: Unauthorized person detected on your property
[MOCK POLICE ALERT - 2025-11-02 18:44:48] face_detection: SECURITY ALERT: Unauthorized person detected on your property
[MOCK POLICE ALERT - 2025-11-02 18:44:49] face_detection: SECURITY ALERT: Unauthorized person detected on your property
[MOCK POLICE ALERT - 2025-11-02 18:44:50] face_detection: SECURITY ALERT: Unauthorized person detected on your property
[MOCK POLICE ALERT - 2025-11-02 18:44:59] face_detection: SECURITY ALERT: Unauthorized person detected on your property
[MOCK POLICE ALERT - 2025-11-02 18:45:00] face_detection: SECURITY ALERT: Unauthorized person detected on your property
[MOCK POLICE ALERT - 2025-11-02 18:45:01] face_detection: SECURITY ALERT: Unauthorized person detected on your property
[MOCK POLICE ALERT - 2025-11-02 18:45:02] face_detection: SECURITY ALERT: Unauthorized person detected on your property
[MOCK POLICE ALERT - 2025-11-02 18:45:03] face_detection: SECURITY ALERT: Unauthorized person detected on your property
[MOCK POLICE ALERT - 2025-11-02 18:45:07] face_detection: SECURITY ALERT: Unauthorized person detected on your property
[MOCK POLICE ALERT - 2025-11-02 18:45:08] face_detection: SECURITY ALERT: Unauthorized person detected on your property
[MOCK POLICE ALERT - 2025-11-02 18:45:09] face_detection: SECURITY ALERT: Unauthorized person detected on your property
[MOCK POLICE ALERT - 2025-11-02 18:45:10] face_detection: SECURITY ALERT: Unauthorized person detected on your property
[MOCK POLICE ALERT - 2025-11-02 18:45:11] face_detection: SECURITY ALERT: Unauthorized person detected on your property
[MOCK POLICE ALERT - 2025-11-02 18:45:18] face_detection: SECURITY ALERT: Unauthorized person detected on your property
[MOCK POLICE ALERT - 2025-11-02 18:45:19] face_detection: SECURITY ALERT: Unauthorized person detected on your property
[MOCK POLICE ALERT - 2025-11-02 18:45:20] face_detection: SECURITY ALERT: Unauthorized person detected on your property
[MOCK POLICE ALERT - 2025-11-02 18:45:21] face_detection: SECURITY ALERT: Unauthorized person detected on your property
[MOCK POLICE ALERT - 2025-11-02 18:47:38] face_detection: SECURITY ALERT: Unauthorized person detected on your property
[MOCK POLICE ALERT - 2025-11-02 18:47:41] face_detection: SECURITY ALERT: Unauthorized person detected on your property
[MOCK POLICE ALERT - 2025-11-02 18:48:46] face_detection: SECURITY ALERT: Unauthorized person detected on your property
[MOCK POLICE ALERT - 2025-11-02 18:48:47] face_detection: SECURITY ALERT: Unauthorized person detected on your property
[MOCK POLICE ALERT - 2025-11-02 18:48:48] face_detection: SECURITY ALERT: Unauthorized person detected on your property
[MOCK POLICE ALERT - 2025-11-02 18:49:59] face_detection: SECURITY ALERT: Unauthorized person detected on your property
[MOCK POLICE ALERT - 2025-11-02 18:50:06] face_detection: SECURITY ALERT: Unauthorized person detected on your property
[MOCK POLICE ALERT - 2025-11-02 18:50:15] face_detection: SECURITY ALERT: Unauthorized person detected on your property
[MOCK POLICE ALERT - 2025-11-02 18:52:00] face_detection: SECURITY ALERT: Unauthorized person detected on your property
[MOCK POLICE ALERT - 2025-11-02 18:52:01] face_detection: SECURITY ALERT: Unauthorized person detected on your property
[MOCK POLICE ALERT - 2025-11-02 18:54:32] face_detection: SECURITY ALERT: Unauthorized person detected on your property
[MOCK POLICE ALERT - 2025-11-02 18:57:19] face_detection: SECURITY ALERT: Unauthorized person detected on your property
[MOCK POLICE ALERT - 2025-11-02 18:57:19] face_detection: SECURITY ALERT: Unauthorized person detected on your property
[MOCK POLICE ALERT - 2025-11-02 18:57:52] face_detection: SECURITY ALERT: Unauthorized person detected on your property
[MOCK POLICE ALERT - 2025-11-02 18:57:52] face_detection: SECURITY ALERT: Unauthorized person detected on your property
[MOCK POLICE ALERT - 2025-11-02 18:57:52] face_detection: SECURITY ALERT: Unauthorized person detected on your property
[MOCK POLICE ALERT - 2025-11-02 18:57:55] face_detection: SECURITY ALERT: Unauthorized person detected on your property
[MOCK POLICE ALERT - 2025-11-02 18:57:55] face_detection: SECURITY ALERT: Unauthorized person detected on your property
[MOCK POLICE ALERT - 2025-11-02 18:57:55] face_detection: SECURITY ALERT: Unauthorized person detected on your property
[MOCK POLICE ALERT - 2025-11-02 19:58:37] face_detection: SECURITY ALERT: Unauthorized person detected on your property
[MOCK POLICE ALERT - 2025-11-02 19:58:38] face_detection: SECURITY ALERT: Unauthorized person detected on your property
[MOCK POLICE ALERT - 2025-11-02 19:58:41] face_detection: SECURITY ALERT: Unauthorized person detected on your property
[MOCK POLICE ALERT - 2025-11-02 19:58:41] face_detection: SECURITY ALERT: Unauthorized person detected on your property
[MOCK POLICE ALERT - 2025-11-02 19:58:44] face_detection: SECURITY ALERT: Unauthorized person detected on your property
[MOCK POLICE ALERT - 2025-11-02 19:58:44] face_detection: SECURITY ALERT: Unauthorized person detected on your property
[MOCK POLICE ALERT - 2025-11-02 19:58:44] face_detection: SECURITY ALERT: Unauthorized person detected on your property
[MOCK POLICE ALERT - 2025-11-02 19:59:25] face_detection: SECURITY ALERT: Unauthorized person detected on your property
[MOCK POLICE ALERT - 2025-11-02 19:59:56] face_detection: SECURITY ALERT: Unauthorized person detected on your property
[MOCK POLICE ALERT - 2025-11-02 20:00:06] face_detection: SECURITY ALERT: Unauthorized person detected on your property
[MOCK POLICE ALERT - 2025-11-02 20:00:15] face_detection: SECURITY ALERT: Unauthorized person detected on your property
[MOCK POLICE ALERT - 2025-11-02 20:00:16] face_detection: SECURITY ALERT: Unauthorized person detected on your property
